<?xml version="1.0" encoding="UTF-8"?>
<!-- Generated by org.testng.reporters.JUnitReportReporter -->
<testsuite hostname="HMS-Gaurav-Testing" name="MyAndroid.MyAppiumAndroid.AppTest" tests="1" failures="0" timestamp="28 Nov 2017 06:35:35 GMT" time="173.262" errors="0">
  <testcase name="createandCheckinSingleReservation" time="173.262" classname="MyAndroid.MyAppiumAndroid.AppTest"/>
</testsuite> <!-- MyAndroid.MyAppiumAndroid.AppTest -->
